<?xml version="1.0" encoding="UTF-8"?>
<testng-results ignored="0" total="2" passed="2" failed="0" skipped="0">
  <reporter-output>
  </reporter-output>
  <suite started-at="2023-05-25T21:44:45 EDT" name="Default suite" finished-at="2023-05-25T21:45:09 EDT" duration-ms="24776">
    <groups>
      <group name="cucumber">
        <method signature="AbstractTestNGCucumberTests.runScenario(io.cucumber.testng.PickleWrapper,io.cucumber.testng.FeatureWrapper)[pri:0, instance:org.sample.TestRunner.TestRunner@51c668e3]" name="runScenario" class="io.cucumber.testng.AbstractTestNGCucumberTests"/>
      </group> <!-- cucumber -->
    </groups>
    <test started-at="2023-05-25T21:44:45 EDT" name="Default test" finished-at="2023-05-25T21:45:09 EDT" duration-ms="24776">
      <class name="org.sample.TestRunner.TestRunner">
        <test-method is-config="true" signature="setUpClass(org.testng.ITestContext)[pri:0, instance:org.sample.TestRunner.TestRunner@51c668e3]" started-at="2023-05-25T21:44:45 EDT" name="setUpClass" finished-at="2023-05-25T21:44:45 EDT" duration-ms="585" status="PASS">
          <params>
            <param index="0">
              <value>
                <![CDATA[org.testng.TestRunner@674aa626]]>
              </value>
            </param>
          </params>
          <reporter-output>
          </reporter-output>
        </test-method> <!-- setUpClass -->
        <test-method signature="runScenario(io.cucumber.testng.PickleWrapper,io.cucumber.testng.FeatureWrapper)[pri:0, instance:org.sample.TestRunner.TestRunner@51c668e3]" started-at="2023-05-25T21:44:45 EDT" name="runScenario" description="Runs Cucumber Scenarios" data-provider="scenarios" finished-at="2023-05-25T21:44:58 EDT" duration-ms="12310" status="PASS">
          <params>
            <param index="0">
              <value>
                <![CDATA["CryptoCurrency HomePage Without Filters"]]>
              </value>
            </param>
            <param index="1">
              <value>
                <![CDATA["Cryptocurrency Automation"]]>
              </value>
            </param>
          </params>
          <reporter-output>
          </reporter-output>
        </test-method> <!-- runScenario -->
        <test-method signature="runScenario(io.cucumber.testng.PickleWrapper,io.cucumber.testng.FeatureWrapper)[pri:0, instance:org.sample.TestRunner.TestRunner@51c668e3]" started-at="2023-05-25T21:44:58 EDT" name="runScenario" description="Runs Cucumber Scenarios" data-provider="scenarios" finished-at="2023-05-25T21:45:09 EDT" duration-ms="11801" status="PASS">
          <params>
            <param index="0">
              <value>
                <![CDATA["CryptoCurrency HomePage With Filters"]]>
              </value>
            </param>
            <param index="1">
              <value>
                <![CDATA["Cryptocurrency Automation"]]>
              </value>
            </param>
          </params>
          <reporter-output>
          </reporter-output>
        </test-method> <!-- runScenario -->
        <test-method is-config="true" signature="tearDownClass()[pri:0, instance:org.sample.TestRunner.TestRunner@51c668e3]" started-at="2023-05-25T21:45:09 EDT" name="tearDownClass" finished-at="2023-05-25T21:45:09 EDT" duration-ms="45" status="PASS">
          <reporter-output>
          </reporter-output>
        </test-method> <!-- tearDownClass -->
      </class> <!-- org.sample.TestRunner.TestRunner -->
    </test> <!-- Default test -->
  </suite> <!-- Default suite -->
</testng-results>
